<?xml version="1.0" encoding="UTF-8"?>
<!-- Generated by org.testng.reporters.JUnitXMLReporter -->
<testsuite ignored="0" hostname="DESKTOP-5R9JTRR" failures="0" tests="4" name="Default test" time="0.416" errors="0" timestamp="2024-06-21T16:35:43 IST">
  <testcase classname="testng.test03" name="signup" time="0.057"/>
  <testcase classname="testng.test03" name="addtocart" time="0.007"/>
  <testcase classname="testng.test03" name="payment" time="0.019"/>
  <testcase classname="testng.test03" name="login" time="0.01"/>
</testsuite> <!-- Default test -->
