<?xml version="1.0" encoding="UTF-8"?>
<!-- Generated by org.testng.reporters.JUnitXMLReporter -->
<testsuite ignored="0" hostname="DESKTOP-5R9JTRR" failures="0" tests="1" name="Test" time="0.175" errors="0" timestamp="2024-06-03T13:50:17 IST">
  <testcase classname="testngcross.crossbr" name="@BeforeTest beforeTest" time="-1.717402817566E9">
    <failure type="org.testng.TestNGException" message="
Parameter &amp;apos;browser&amp;apos; is required by BeforeTest on method beforeTest but has not been marked @Optional or defined
in C:\Users\ABC\eclipse-workspace\mavenproject1\src\test\java\crossbr.xml">
      <![CDATA[org.testng.TestNGException: 
Parameter 'browser' is required by BeforeTest on method beforeTest but has not been marked @Optional or defined
in C:\Users\ABC\eclipse-workspace\mavenproject1\src\test\java\crossbr.xml
... Removed 21 stack frames]]>
    </failure>
  </testcase> <!-- @BeforeTest beforeTest -->
  <testcase classname="testngcross.crossbr" name="f" time="0.0">
    <skipped/>
  </testcase> <!-- f -->
</testsuite> <!-- Test -->
