<?xml version="1.0" encoding="UTF-8"?>
<testng-results ignored="0" total="4" passed="4" failed="0" skipped="0">
  <reporter-output>
  </reporter-output>
  <suite started-at="2024-06-21T16:35:43 IST" name="Default suite" finished-at="2024-06-21T16:35:43 IST" duration-ms="416">
    <groups>
      <group name="addtocart">
        <method signature="test03.addtocart()[pri:2, instance:testng.test03@3faf2e7d]" name="addtocart" class="testng.test03"/>
      </group> <!-- addtocart -->
      <group name="payment">
        <method signature="test03.payment()[pri:3, instance:testng.test03@3faf2e7d]" name="payment" class="testng.test03"/>
      </group> <!-- payment -->
      <group name="login">
        <method signature="test03.login()[pri:4, instance:testng.test03@3faf2e7d]" name="login" class="testng.test03"/>
      </group> <!-- login -->
      <group name="signup">
        <method signature="test03.signup()[pri:1, instance:testng.test03@3faf2e7d]" name="signup" class="testng.test03"/>
      </group> <!-- signup -->
    </groups>
    <test started-at="2024-06-21T16:35:43 IST" name="Default test" finished-at="2024-06-21T16:35:43 IST" duration-ms="416">
      <class name="testng.test03">
        <test-method signature="signup()[pri:1, instance:testng.test03@3faf2e7d]" started-at="2024-06-21T16:35:43 IST" name="signup" finished-at="2024-06-21T16:35:43 IST" duration-ms="57" status="PASS">
          <reporter-output>
          </reporter-output>
        </test-method> <!-- signup -->
        <test-method signature="addtocart()[pri:2, instance:testng.test03@3faf2e7d]" started-at="2024-06-21T16:35:43 IST" name="addtocart" finished-at="2024-06-21T16:35:43 IST" duration-ms="7" status="PASS">
          <reporter-output>
          </reporter-output>
        </test-method> <!-- addtocart -->
        <test-method signature="payment()[pri:3, instance:testng.test03@3faf2e7d]" started-at="2024-06-21T16:35:43 IST" name="payment" finished-at="2024-06-21T16:35:43 IST" duration-ms="19" status="PASS">
          <reporter-output>
          </reporter-output>
        </test-method> <!-- payment -->
        <test-method signature="login()[pri:4, instance:testng.test03@3faf2e7d]" started-at="2024-06-21T16:35:43 IST" name="login" finished-at="2024-06-21T16:35:43 IST" duration-ms="10" status="PASS">
          <reporter-output>
          </reporter-output>
        </test-method> <!-- login -->
      </class> <!-- testng.test03 -->
    </test> <!-- Default test -->
  </suite> <!-- Default suite -->
</testng-results>
